<?xml version="1.0" encoding="UTF-8"?>
<!-- Generated by org.testng.reporters.JUnitReportReporter -->
<testsuite hostname="DESKTOP-0A3GMD7" failures="0" tests="5" name="testNg.Practice8" time="0.014" errors="0" timestamp="2022-08-02T11:31:49 IST" skipped="0">
  <testcase classname="testNg.Practice8" name="testD" time="0.009"/>
  <system-out/>
  <testcase classname="testNg.Practice8" name="testA" time="0.002"/>
  <system-out/>
  <testcase classname="testNg.Practice8" name="testE" time="0.001"/>
  <system-out/>
  <testcase classname="testNg.Practice8" name="testC" time="0.001"/>
  <system-out/>
  <testcase classname="testNg.Practice8" name="testB" time="0.001"/>
  <system-out/>
</testsuite> <!-- testNg.Practice8 -->
