<?xml version="1.0" encoding="UTF-8"?>
<!-- Generated by org.testng.reporters.JUnitReportReporter -->
<testsuite hostname="DESKTOP-0A3GMD7" failures="0" tests="1" name="testNg.Practice4" time="0.010" errors="0" timestamp="2022-07-28T11:36:12 IST" skipped="0">
  <testcase classname="testNg.Practice4" name="loginFunctionlity" time="0.010"/>
  <system-out/>
</testsuite> <!-- testNg.Practice4 -->
