<?xml version="1.0" encoding="UTF-8"?>
<!-- Generated by org.testng.reporters.JUnitReportReporter -->
<testsuite hostname="DESKTOP-0A3GMD7" failures="0" tests="4" name="testNg.Practice10" time="0.014" errors="0" timestamp="2022-08-02T11:47:41 IST" skipped="1">
  <testcase classname="testNg.Practice10" name="testD" time="0.002"/>
  <system-out/>
  <testcase classname="testNg.Practice10" name="testC" time="0.002"/>
  <system-out/>
  <testcase classname="testNg.Practice10" name="testA" time="0.010"/>
  <system-out/>
  <testcase classname="testNg.Practice10" name="testB">
    <skipped/>
  </testcase> <!-- testB -->
  <system-out/>
</testsuite> <!-- testNg.Practice10 -->
