<?xml version="1.0" encoding="UTF-8"?>
<!-- Generated by org.testng.reporters.JUnitReportReporter -->
<testsuite hostname="DESKTOP-0A3GMD7" failures="0" tests="9" name="testNg.Practice9" time="0.027" errors="0" timestamp="2022-08-02T11:43:23 IST" skipped="0">
  <testcase classname="testNg.Practice9" name="testB" time="0.011"/>
  <system-out/>
  <testcase classname="testNg.Practice9" name="testB" time="0.002"/>
  <system-out/>
  <testcase classname="testNg.Practice9" name="testE" time="0.001"/>
  <system-out/>
  <testcase classname="testNg.Practice9" name="testA" time="0.001"/>
  <system-out/>
  <testcase classname="testNg.Practice9" name="testA" time="0.002"/>
  <system-out/>
  <testcase classname="testNg.Practice9" name="testA" time="0.003"/>
  <system-out/>
  <testcase classname="testNg.Practice9" name="testA" time="0.002"/>
  <system-out/>
  <testcase classname="testNg.Practice9" name="testA" time="0.002"/>
  <system-out/>
  <testcase classname="testNg.Practice9" name="testC" time="0.003"/>
  <system-out/>
</testsuite> <!-- testNg.Practice9 -->
