<?xml version="1.0" encoding="UTF-8"?>
<!-- Generated by org.testng.reporters.JUnitReportReporter -->
<testsuite hostname="DESKTOP-0A3GMD7" failures="0" tests="2" name="testNg.Practice7" time="0.011" errors="0" timestamp="2022-07-30T12:18:15 IST" skipped="0">
  <testcase classname="testNg.Practice7" name="test2" time="0.002"/>
  <system-out/>
  <testcase classname="testNg.Practice7" name="test1" time="0.009"/>
  <system-out/>
</testsuite> <!-- testNg.Practice7 -->
