<?xml version="1.0" encoding="UTF-8"?>
<!-- Generated by org.testng.reporters.JUnitReportReporter -->
<testsuite hostname="DESKTOP-0A3GMD7" failures="0" tests="2" name="testNg.Practice6" time="0.014" errors="0" timestamp="2022-07-30T11:57:25 IST" skipped="0">
  <testcase classname="testNg.Practice6" name="test1" time="0.011"/>
  <system-out/>
  <testcase classname="testNg.Practice6" name="test2" time="0.003"/>
  <system-out/>
</testsuite> <!-- testNg.Practice6 -->
