<?xml version="1.0" encoding="UTF-8"?>
<!-- Generated by org.testng.reporters.JUnitReportReporter -->
<testsuite hostname="DESKTOP-0A3GMD7" failures="0" tests="2" name="testNg2.Practice6" time="0.009" errors="0" timestamp="2022-09-14T09:52:22 IST" skipped="0">
  <testcase classname="testNg2.Practice6" name="test2" time="0.003"/>
  <system-out/>
  <testcase classname="testNg2.Practice6" name="test1" time="0.006"/>
  <system-out/>
</testsuite> <!-- testNg2.Practice6 -->
