<?xml version="1.0" encoding="UTF-8"?>
<!-- Generated by org.testng.reporters.JUnitReportReporter -->
<testsuite hostname="DESKTOP-0A3GMD7" failures="0" tests="2" name="testNg2.Practice4" time="0.014" errors="0" timestamp="2022-09-13T17:50:14 IST" skipped="0">
  <testcase classname="testNg2.Practice4" name="test1" time="0.012"/>
  <system-out/>
  <testcase classname="testNg2.Practice4" name="test2" time="0.002"/>
  <system-out/>
</testsuite> <!-- testNg2.Practice4 -->
