<?xml version="1.0" encoding="UTF-8"?>
<!-- Generated by org.testng.reporters.JUnitReportReporter -->
<testsuite hostname="DESKTOP-0A3GMD7" failures="0" tests="1" name="com.sauceDemo.TestClasses.TC003_VerifybagProductAddtoCartFunctionality" time="12.369" errors="0" timestamp="2022-08-05T20:54:32 IST" skipped="0">
  <testcase classname="com.sauceDemo.TestClasses.TC003_VerifybagProductAddtoCartFunctionality" name="addToCartFunctionality" time="12.369"/>
  <system-out/>
</testsuite> <!-- com.sauceDemo.TestClasses.TC003_VerifybagProductAddtoCartFunctionality -->
