<?xml version="1.0" encoding="UTF-8"?>
<!-- Generated by org.testng.reporters.JUnitReportReporter -->
<testsuite hostname="DESKTOP-0A3GMD7" failures="0" tests="1" name="testNg.Assertion2" time="0.011" errors="0" timestamp="2022-08-02T21:09:37 IST" skipped="0">
  <testcase classname="testNg.Assertion2" name="loginTest" time="0.011"/>
  <system-out/>
</testsuite> <!-- testNg.Assertion2 -->
