<?xml version="1.0" encoding="UTF-8"?>
<!-- Generated by org.testng.reporters.JUnitReportReporter -->
<testsuite hostname="DESKTOP-0A3GMD7" failures="0" tests="1" name="testNg2.Practice3" time="0.013" errors="0" timestamp="2022-09-13T12:46:53 IST" skipped="0">
  <testcase classname="testNg2.Practice3" name="verifyLoginFunctionality" time="0.013"/>
  <system-out/>
</testsuite> <!-- testNg2.Practice3 -->
