<?xml version="1.0" encoding="UTF-8"?>
<!-- Generated by org.testng.reporters.JUnitReportReporter -->
<testsuite hostname="DESKTOP-0A3GMD7" failures="0" tests="2" name="testNg.Practice5" time="0.026" errors="0" timestamp="2022-07-29T17:47:21 IST" skipped="0">
  <testcase classname="testNg.Practice5" name="test1" time="0.020"/>
  <system-out/>
  <testcase classname="testNg.Practice5" name="test2" time="0.006"/>
  <system-out/>
</testsuite> <!-- testNg.Practice5 -->
