<?xml version="1.0" encoding="UTF-8"?>
<!-- Generated by org.testng.reporters.JUnitReportReporter -->
<testsuite hostname="DESKTOP-0A3GMD7" failures="0" tests="1" name="testNg.TestNGProgram" time="0.013" errors="0" timestamp="2022-07-27T16:44:43 IST" skipped="0">
  <testcase classname="testNg.TestNGProgram" name="method1" time="0.013"/>
  <system-out/>
</testsuite> <!-- testNg.TestNGProgram -->
