<?xml version="1.0" encoding="UTF-8"?>
<!-- Generated by org.testng.reporters.JUnitReportReporter -->
<testsuite hostname="DESKTOP-0A3GMD7" failures="0" tests="1" name="com.sauceDemo.TestClasses.VerifybagProductAddtoCartFunctionality" time="5.655" errors="0" timestamp="2022-07-28T13:02:39 IST" skipped="0">
  <testcase classname="com.sauceDemo.TestClasses.VerifybagProductAddtoCartFunctionality" name="addToCartFunctionality" time="5.655"/>
  <system-out/>
</testsuite> <!-- com.sauceDemo.TestClasses.VerifybagProductAddtoCartFunctionality -->
