<?xml version="1.0" encoding="UTF-8"?>
<!-- Generated by org.testng.reporters.JUnitReportReporter -->
<testsuite hostname="DESKTOP-0A3GMD7" failures="0" tests="1" name="com.sauceDemo.TestClasses.TC001_VerifyLoginFunctionality" time="10.265" errors="0" timestamp="2022-08-05T20:54:32 IST" skipped="0">
  <testcase classname="com.sauceDemo.TestClasses.TC001_VerifyLoginFunctionality" name="loginFunctionality" time="10.265"/>
  <system-out/>
</testsuite> <!-- com.sauceDemo.TestClasses.TC001_VerifyLoginFunctionality -->
