<?xml version="1.0" encoding="UTF-8"?>
<!-- Generated by org.testng.reporters.JUnitReportReporter -->
<testsuite hostname="DESKTOP-0A3GMD7" failures="0" tests="1" name="testNg.TestNGPractice2" time="0.014" errors="0" timestamp="2022-08-02T10:03:03 IST" skipped="0">
  <testcase classname="testNg.TestNGPractice2" name="method1" time="0.014"/>
  <system-out/>
</testsuite> <!-- testNg.TestNGPractice2 -->
